{
  "stats": {
    "suites": 4,
    "tests": 8,
    "passes": 6,
    "pending": 0,
    "failures": 2,
    "start": "2022-05-12T01:34:40.274Z",
    "end": "2022-05-12T01:35:18.402Z",
    "duration": 38128,
    "testsRegistered": 8,
    "passPercent": 75,
    "pendingPercent": 0,
    "other": 0,
    "hasOther": false,
    "skipped": 0,
    "hasSkipped": false
  },
  "results": [
    {
      "uuid": "401679e0-4cd5-45dd-8268-8d0b698780d3",
      "title": "",
      "fullFile": "cypress/integration/game-tests/signup.spec.js",
      "file": "cypress/integration/game-tests/signup.spec.js",
      "beforeHooks": [],
      "afterHooks": [],
      "tests": [],
      "suites": [
        {
          "uuid": "2cf08d5e-bc29-4b08-b859-ffce8696219c",
          "title": "SignUp flow tests",
          "fullFile": "",
          "file": "",
          "beforeHooks": [],
          "afterHooks": [],
          "tests": [],
          "suites": [
            {
              "uuid": "dc2b0a58-6c9a-4c59-be73-b9ec6128bec6",
              "title": "UI tests",
              "fullFile": "",
              "file": "",
              "beforeHooks": [],
              "afterHooks": [],
              "tests": [
                {
                  "title": "should have all the fields visible",
                  "fullTitle": "SignUp flow tests UI tests should have all the fields visible",
                  "timedOut": null,
                  "duration": 3345,
                  "state": "passed",
                  "speed": "fast",
                  "pass": true,
                  "fail": false,
                  "pending": false,
                  "context": null,
                  "code": "cy.get(\"h1\").should(\"contain.text\", \"Sign Up\");\ncy.get(\"p\").should(\"contain.text\", \"Please fill in this form to create an account.\");\ncy.get(\"#uname\").should(\"be.visible\");\ncy.get(\"input\").invoke(\"attr\", \"for\", \"psw\").should(\"be.visible\");\ncy.get(\"input\").invoke(\"attr\", \"for\", \"psw-repeat\").should(\"be.visible\");\ncy.get(\"button\").contains(\"Cancel\").should(\"be.visible\");\ncy.get(\"#signupbtn\").contains(\"Sign Up\").should(\"be.visible\");\ncy.screenshot();",
                  "err": {},
                  "uuid": "263442d9-d30c-4276-8be1-674dbb62b9c1",
                  "parentUUID": "dc2b0a58-6c9a-4c59-be73-b9ec6128bec6",
                  "isHook": false,
                  "skipped": false
                }
              ],
              "suites": [],
              "passes": [
                "263442d9-d30c-4276-8be1-674dbb62b9c1"
              ],
              "failures": [],
              "pending": [],
              "skipped": [],
              "duration": 3345,
              "root": false,
              "rootEmpty": false,
              "_timeout": 2000
            },
            {
              "uuid": "37e0ae3c-0457-44a2-82fa-af7b896c677b",
              "title": "Unsuccessful signup tests",
              "fullFile": "",
              "file": "",
              "beforeHooks": [],
              "afterHooks": [],
              "tests": [
                {
                  "title": "should show error when form is submitted with empty fields",
                  "fullTitle": "SignUp flow tests Unsuccessful signup tests should show error when form is submitted with empty fields",
                  "timedOut": null,
                  "duration": 5270,
                  "state": "failed",
                  "speed": null,
                  "pass": false,
                  "fail": true,
                  "pending": false,
                  "context": null,
                  "code": "// cy.intercept('/api/auth/user/register', { statusCode: 401, body: { message: 'incorrect user name and password' } });\nconst signupBtn = cy.get(\"#signupbtn\").contains(\"Sign Up\").should(\"be.visible\");\nsignupBtn.click();\ncy.contains(\"incorrect user name and password\"); // TODO find the message to be displayed when form is submitted with all the fields empty\ncy.screenshot();",
                  "err": {
                    "message": "AssertionError: Timed out retrying after 4000ms: Expected to find content: 'incorrect user name and password' but never did.",
                    "estack": "AssertionError: Timed out retrying after 4000ms: Expected to find content: 'incorrect user name and password' but never did.\n    at Context.eval (https://responsivefight.herokuapp.com/__cypress/tests?p=cypress/integration/game-tests/signup.spec.js:123:10)",
                    "diff": null
                  },
                  "uuid": "b15038b5-4ed2-4e82-bc99-0633eed3486a",
                  "parentUUID": "37e0ae3c-0457-44a2-82fa-af7b896c677b",
                  "isHook": false,
                  "skipped": false
                },
                {
                  "title": "should not let user enter more than 10 chars in username",
                  "fullTitle": "SignUp flow tests Unsuccessful signup tests should not let user enter more than 10 chars in username",
                  "timedOut": null,
                  "duration": 1908,
                  "state": "passed",
                  "speed": "fast",
                  "pass": true,
                  "fail": false,
                  "pending": false,
                  "context": null,
                  "code": "cy.get(\"#uname\").type(\"A1234567890\");\ncy.get(\"#uname\").should(\"have.value\", \"A123456789\");\ncy.screenshot();",
                  "err": {},
                  "uuid": "55e1202b-4504-4ce3-9797-1d89af9fd7d6",
                  "parentUUID": "37e0ae3c-0457-44a2-82fa-af7b896c677b",
                  "isHook": false,
                  "skipped": false
                },
                {
                  "title": "should show error if passwords don't match",
                  "fullTitle": "SignUp flow tests Unsuccessful signup tests should show error if passwords don't match",
                  "timedOut": null,
                  "duration": 2413,
                  "state": "passed",
                  "speed": "fast",
                  "pass": true,
                  "fail": false,
                  "pending": false,
                  "context": null,
                  "code": "cy.get(\"#uname\").type(\"abcdabcd\");\ncy.get(\"#pwd\").type(\"123\");\ncy.get(\"#psw-repeat\").type(\"124\");\ncy.get(\"#signupbtn\").click();\ncy.get(\"#popup\").should(\"contain.text\", \"Passwords do not match\");\ncy.screenshot();",
                  "err": {},
                  "uuid": "83a9077e-b5aa-4842-87ef-1de3466b6bbc",
                  "parentUUID": "37e0ae3c-0457-44a2-82fa-af7b896c677b",
                  "isHook": false,
                  "skipped": false
                },
                {
                  "title": "should show error if user already exists",
                  "fullTitle": "SignUp flow tests Unsuccessful signup tests should show error if user already exists",
                  "timedOut": null,
                  "duration": 3921,
                  "state": "passed",
                  "speed": "fast",
                  "pass": true,
                  "fail": false,
                  "pending": false,
                  "context": null,
                  "code": "cy.get(\"#uname\").type(\"appleapple\");\ncy.get(\"#pwd\").type(\"123\");\ncy.get(\"#psw-repeat\").type(\"123\");\ncy.get(\"#signupbtn\").click();\ncy.get(\"#popup\").should(\"contain.text\", \"User already exists\");\ncy.screenshot();",
                  "err": {},
                  "uuid": "c37be501-0c5f-45b9-8ccf-a75419114996",
                  "parentUUID": "37e0ae3c-0457-44a2-82fa-af7b896c677b",
                  "isHook": false,
                  "skipped": false
                },
                {
                  "title": "should exit the signup screen on Cancel button click",
                  "fullTitle": "SignUp flow tests Unsuccessful signup tests should exit the signup screen on Cancel button click",
                  "timedOut": null,
                  "duration": 2269,
                  "state": "passed",
                  "speed": "fast",
                  "pass": true,
                  "fail": false,
                  "pending": false,
                  "context": null,
                  "code": "cy.get(\"#uname\").type(\"appleapple\");\ncy.get(\"#pwd\").type(\"123\");\ncy.get(\"#psw-repeat\").type(\"123\");\ncy.get(\"button\").contains(\"Cancel\").click();\ncy.get(\"#signupbtn\").contains(\"Sign Up\").should(\"not.be.visible\");\ncy.screenshot();",
                  "err": {},
                  "uuid": "b39cf418-832c-41f3-8a2b-b3dd52ab068b",
                  "parentUUID": "37e0ae3c-0457-44a2-82fa-af7b896c677b",
                  "isHook": false,
                  "skipped": false
                },
                {
                  "title": "should clear screen input fields after cancel",
                  "fullTitle": "SignUp flow tests Unsuccessful signup tests should clear screen input fields after cancel",
                  "timedOut": null,
                  "duration": 13166,
                  "state": "failed",
                  "speed": null,
                  "pass": false,
                  "fail": true,
                  "pending": false,
                  "context": null,
                  "code": "cy.get(\"#uname\").type(\"appleapple\");\ncy.get(\"#pwd\").type(\"123\");\ncy.get(\"#psw-repeat\").type(\"123\");\ncy.get(\"button\").contains(\"Cancel\").click();\ncy.get(\"#signupbtn\").contains(\"Sign Up\").should(\"not.be.visible\");\ncy.get(\"#rego\").click();\ncy.get(\"#uname\").should(\"not.have.value\", \"appleapple\");\ncy.get(\"#pwd\").should(\"not.have.value\", \"123\");\ncy.get(\"#psw-repeat\").should(\"not.contain.value\", \"123\");\ncy.screenshot();",
                  "err": {
                    "message": "AssertionError: Timed out retrying after 4000ms: expected '<input#uname.center>' not to have value 'appleapple'",
                    "estack": "AssertionError: Timed out retrying after 4000ms: expected '<input#uname.center>' not to have value 'appleapple'\n    at Context.eval (https://responsivefight.herokuapp.com/__cypress/tests?p=cypress/integration/game-tests/signup.spec.js:163:24)",
                    "diff": ""
                  },
                  "uuid": "70aaf431-7e1d-4e83-80bb-67c103bb492b",
                  "parentUUID": "37e0ae3c-0457-44a2-82fa-af7b896c677b",
                  "isHook": false,
                  "skipped": false
                }
              ],
              "suites": [],
              "passes": [
                "55e1202b-4504-4ce3-9797-1d89af9fd7d6",
                "83a9077e-b5aa-4842-87ef-1de3466b6bbc",
                "c37be501-0c5f-45b9-8ccf-a75419114996",
                "b39cf418-832c-41f3-8a2b-b3dd52ab068b"
              ],
              "failures": [
                "b15038b5-4ed2-4e82-bc99-0633eed3486a",
                "70aaf431-7e1d-4e83-80bb-67c103bb492b"
              ],
              "pending": [],
              "skipped": [],
              "duration": 28947,
              "root": false,
              "rootEmpty": false,
              "_timeout": 2000
            },
            {
              "uuid": "4ad78cc2-897c-4b5f-915b-6f8b8132a192",
              "title": "Successful signup tests",
              "fullFile": "",
              "file": "",
              "beforeHooks": [],
              "afterHooks": [],
              "tests": [
                {
                  "title": "should successfully create user",
                  "fullTitle": "SignUp flow tests Successful signup tests should successfully create user",
                  "timedOut": null,
                  "duration": 4293,
                  "state": "passed",
                  "speed": "fast",
                  "pass": true,
                  "fail": false,
                  "pending": false,
                  "context": null,
                  "code": "const username = (0, _common.generateUsername)(10);\ncy.get(\"#uname\").type(username);\ncy.get(\"#pwd\").type(\"123\");\ncy.get(\"#psw-repeat\").type(\"123\");\ncy.get(\"#signupbtn\").click();\ncy.contains(\"Login with your warrior name\");\ncy.get(\"#worrior_username\").should(\"have.value\", username);\ncy.get(\"#warrior\").should(\"have.text\", \"Login warrior\");\ncy.get(\"#close\").should(\"be.visible\");\ncy.screenshot();",
                  "err": {},
                  "uuid": "a8a6d71d-24c1-48a5-8bdd-832c09437609",
                  "parentUUID": "4ad78cc2-897c-4b5f-915b-6f8b8132a192",
                  "isHook": false,
                  "skipped": false
                }
              ],
              "suites": [],
              "passes": [
                "a8a6d71d-24c1-48a5-8bdd-832c09437609"
              ],
              "failures": [],
              "pending": [],
              "skipped": [],
              "duration": 4293,
              "root": false,
              "rootEmpty": false,
              "_timeout": 2000
            }
          ],
          "passes": [],
          "failures": [],
          "pending": [],
          "skipped": [],
          "duration": 0,
          "root": false,
          "rootEmpty": false,
          "_timeout": 2000
        }
      ],
      "passes": [],
      "failures": [],
      "pending": [],
      "skipped": [],
      "duration": 0,
      "root": true,
      "rootEmpty": true,
      "_timeout": 2000
    }
  ],
  "meta": {
    "mocha": {
      "version": "7.0.1"
    },
    "mochawesome": {
      "options": {
        "quiet": false,
        "reportFilename": "mochawesome",
        "saveHtml": true,
        "saveJson": true,
        "consoleReporter": "spec",
        "useInlineDiffs": false,
        "code": true
      },
      "version": "7.1.3"
    },
    "marge": {
      "options": null,
      "version": "6.2.0"
    }
  }
}