{
  "stats": {
    "suites": 4,
    "tests": 8,
    "passes": 6,
    "pending": 0,
    "failures": 2,
    "start": "2022-05-11T14:38:16.731Z",
    "end": "2022-05-11T14:38:48.112Z",
    "duration": 31381,
    "testsRegistered": 8,
    "passPercent": 75,
    "pendingPercent": 0,
    "other": 0,
    "hasOther": false,
    "skipped": 0,
    "hasSkipped": false
  },
  "results": [
    {
      "uuid": "b1e01ac8-78e5-478f-b52c-5d15c9f3020b",
      "title": "",
      "fullFile": "cypress/integration/game-tests/signup.spec.js",
      "file": "cypress/integration/game-tests/signup.spec.js",
      "beforeHooks": [],
      "afterHooks": [],
      "tests": [],
      "suites": [
        {
          "uuid": "2ad57e01-8358-47d8-bf54-56177051d530",
          "title": "SignUp flow tests",
          "fullFile": "",
          "file": "",
          "beforeHooks": [],
          "afterHooks": [],
          "tests": [],
          "suites": [
            {
              "uuid": "22972fab-cbc8-4588-9d7b-84c24803b905",
              "title": "UI tests",
              "fullFile": "",
              "file": "",
              "beforeHooks": [],
              "afterHooks": [],
              "tests": [
                {
                  "title": "should have all the fields visible",
                  "fullTitle": "SignUp flow tests UI tests should have all the fields visible",
                  "timedOut": null,
                  "duration": 3398,
                  "state": "passed",
                  "speed": "fast",
                  "pass": true,
                  "fail": false,
                  "pending": false,
                  "context": null,
                  "code": "cy.get(\"h1\").should(\"contain.text\", \"Sign Up\");\ncy.get(\"p\").should(\"contain.text\", \"Please fill in this form to create an account.\");\ncy.get(\"#uname\").should(\"be.visible\");\ncy.get(\"input\").invoke(\"attr\", \"for\", \"psw\").should(\"be.visible\");\ncy.get(\"input\").invoke(\"attr\", \"for\", \"psw-repeat\").should(\"be.visible\");\ncy.get(\"button\").contains(\"Cancel\").should(\"be.visible\");\ncy.get(\"#signupbtn\").contains(\"Sign Up\").should(\"be.visible\");\ncy.screenshot();",
                  "err": {},
                  "uuid": "00d9d9ab-6e06-4207-89f8-54dd31c01394",
                  "parentUUID": "22972fab-cbc8-4588-9d7b-84c24803b905",
                  "isHook": false,
                  "skipped": false
                }
              ],
              "suites": [],
              "passes": [
                "00d9d9ab-6e06-4207-89f8-54dd31c01394"
              ],
              "failures": [],
              "pending": [],
              "skipped": [],
              "duration": 3398,
              "root": false,
              "rootEmpty": false,
              "_timeout": 2000
            },
            {
              "uuid": "da2df05d-751a-41a3-afa7-d42313860a33",
              "title": "Unsuccessful signup tests",
              "fullFile": "",
              "file": "",
              "beforeHooks": [],
              "afterHooks": [],
              "tests": [
                {
                  "title": "should show error when form is submitted with empty fields",
                  "fullTitle": "SignUp flow tests Unsuccessful signup tests should show error when form is submitted with empty fields",
                  "timedOut": null,
                  "duration": 5192,
                  "state": "failed",
                  "speed": null,
                  "pass": false,
                  "fail": true,
                  "pending": false,
                  "context": null,
                  "code": "// cy.intercept('/api/auth/user/register', { statusCode: 401, body: { message: 'incorrect user name and password' } });\nconst signupBtn = cy.get(\"#signupbtn\").contains(\"Sign Up\").should(\"be.visible\");\nsignupBtn.click();\ncy.contains(\"incorrect user name and password\"); // TODO find the message to be displayed when form is submitted with all the fields empty\ncy.screenshot();",
                  "err": {
                    "message": "AssertionError: Timed out retrying after 4000ms: Expected to find content: 'incorrect user name and password' but never did.",
                    "estack": "AssertionError: Timed out retrying after 4000ms: Expected to find content: 'incorrect user name and password' but never did.\n    at Context.eval (https://responsivefight.herokuapp.com/__cypress/tests?p=cypress/integration/game-tests/signup.spec.js:123:10)",
                    "diff": null
                  },
                  "uuid": "55d5506e-298b-4ac9-a592-4875c60c7353",
                  "parentUUID": "da2df05d-751a-41a3-afa7-d42313860a33",
                  "isHook": false,
                  "skipped": false
                },
                {
                  "title": "should not let user enter more than 10 chars in username",
                  "fullTitle": "SignUp flow tests Unsuccessful signup tests should not let user enter more than 10 chars in username",
                  "timedOut": null,
                  "duration": 1988,
                  "state": "passed",
                  "speed": "fast",
                  "pass": true,
                  "fail": false,
                  "pending": false,
                  "context": null,
                  "code": "cy.get(\"#uname\").type(\"A1234567890\");\ncy.get(\"#uname\").should(\"have.value\", \"A123456789\");\ncy.screenshot();",
                  "err": {},
                  "uuid": "d8ab1f1e-d91d-456b-87ea-fd9dd4914495",
                  "parentUUID": "da2df05d-751a-41a3-afa7-d42313860a33",
                  "isHook": false,
                  "skipped": false
                },
                {
                  "title": "should show error if passwords don't match",
                  "fullTitle": "SignUp flow tests Unsuccessful signup tests should show error if passwords don't match",
                  "timedOut": null,
                  "duration": 2484,
                  "state": "passed",
                  "speed": "fast",
                  "pass": true,
                  "fail": false,
                  "pending": false,
                  "context": null,
                  "code": "cy.get(\"#uname\").type(\"abcdabcd\");\ncy.get(\"#pwd\").type(\"123\");\ncy.get(\"#psw-repeat\").type(\"124\");\ncy.get(\"#signupbtn\").click();\ncy.get(\"#popup\").should(\"contain.text\", \"Passwords do not match\");\ncy.screenshot();",
                  "err": {},
                  "uuid": "89491b2d-1436-4672-886b-ac036d25e9f2",
                  "parentUUID": "da2df05d-751a-41a3-afa7-d42313860a33",
                  "isHook": false,
                  "skipped": false
                },
                {
                  "title": "should show error if user already exists",
                  "fullTitle": "SignUp flow tests Unsuccessful signup tests should show error if user already exists",
                  "timedOut": null,
                  "duration": 3942,
                  "state": "passed",
                  "speed": "fast",
                  "pass": true,
                  "fail": false,
                  "pending": false,
                  "context": null,
                  "code": "cy.get(\"#uname\").type(\"appleapple\");\ncy.get(\"#pwd\").type(\"123\");\ncy.get(\"#psw-repeat\").type(\"123\");\ncy.get(\"#signupbtn\").click();\ncy.get(\"#popup\").should(\"contain.text\", \"User already exists\");\ncy.screenshot();",
                  "err": {},
                  "uuid": "c1d6f508-de95-4ba4-9b4f-3397b6cc0c3f",
                  "parentUUID": "da2df05d-751a-41a3-afa7-d42313860a33",
                  "isHook": false,
                  "skipped": false
                },
                {
                  "title": "should exit the signup screen on Cancel button click",
                  "fullTitle": "SignUp flow tests Unsuccessful signup tests should exit the signup screen on Cancel button click",
                  "timedOut": null,
                  "duration": 2455,
                  "state": "passed",
                  "speed": "fast",
                  "pass": true,
                  "fail": false,
                  "pending": false,
                  "context": null,
                  "code": "cy.get(\"#uname\").type(\"appleapple\");\ncy.get(\"#pwd\").type(\"123\");\ncy.get(\"#psw-repeat\").type(\"123\");\ncy.get(\"button\").contains(\"Cancel\").click();\ncy.get(\"#signupbtn\").contains(\"Sign Up\").should(\"not.be.visible\");\ncy.screenshot();",
                  "err": {},
                  "uuid": "8baf1ef7-e576-4406-b1bd-eee1d6a53a34",
                  "parentUUID": "da2df05d-751a-41a3-afa7-d42313860a33",
                  "isHook": false,
                  "skipped": false
                },
                {
                  "title": "should clear screen input fields after cancel",
                  "fullTitle": "SignUp flow tests Unsuccessful signup tests should clear screen input fields after cancel",
                  "timedOut": null,
                  "duration": 5872,
                  "state": "failed",
                  "speed": null,
                  "pass": false,
                  "fail": true,
                  "pending": false,
                  "context": null,
                  "code": "cy.get(\"#uname\").type(\"appleapple\");\ncy.get(\"#pwd\").type(\"123\");\ncy.get(\"#psw-repeat\").type(\"123\");\ncy.get(\"button\").contains(\"Cancel\").click();\ncy.get(\"#signupbtn\").contains(\"Sign Up\").should(\"not.be.visible\");\ncy.get(\"#rego\").click();\ncy.get(\"#uname\").should(\"not.have.value\", \"appleapple\");\ncy.get(\"#pwd\").should(\"not.have.value\", \"123\");\ncy.get(\"#psw-repeat\").should(\"not.contain.value\", \"123\");\ncy.screenshot();",
                  "err": {
                    "message": "AssertionError: Timed out retrying after 4000ms: expected '<input#uname.center>' not to have value 'appleapple'",
                    "estack": "AssertionError: Timed out retrying after 4000ms: expected '<input#uname.center>' not to have value 'appleapple'\n    at Context.eval (https://responsivefight.herokuapp.com/__cypress/tests?p=cypress/integration/game-tests/signup.spec.js:163:24)",
                    "diff": ""
                  },
                  "uuid": "d9658283-cfdc-49a2-bfd1-444093392432",
                  "parentUUID": "da2df05d-751a-41a3-afa7-d42313860a33",
                  "isHook": false,
                  "skipped": false
                }
              ],
              "suites": [],
              "passes": [
                "d8ab1f1e-d91d-456b-87ea-fd9dd4914495",
                "89491b2d-1436-4672-886b-ac036d25e9f2",
                "c1d6f508-de95-4ba4-9b4f-3397b6cc0c3f",
                "8baf1ef7-e576-4406-b1bd-eee1d6a53a34"
              ],
              "failures": [
                "55d5506e-298b-4ac9-a592-4875c60c7353",
                "d9658283-cfdc-49a2-bfd1-444093392432"
              ],
              "pending": [],
              "skipped": [],
              "duration": 21933,
              "root": false,
              "rootEmpty": false,
              "_timeout": 2000
            },
            {
              "uuid": "c7196866-91d2-4ac6-9bc9-7700078b90c0",
              "title": "Successful signup tests",
              "fullFile": "",
              "file": "",
              "beforeHooks": [],
              "afterHooks": [],
              "tests": [
                {
                  "title": "should successfully create user",
                  "fullTitle": "SignUp flow tests Successful signup tests should successfully create user",
                  "timedOut": null,
                  "duration": 4312,
                  "state": "passed",
                  "speed": "fast",
                  "pass": true,
                  "fail": false,
                  "pending": false,
                  "context": null,
                  "code": "const username = (0, _common.generateUsername)(10);\ncy.get(\"#uname\").type(username);\ncy.get(\"#pwd\").type(\"123\");\ncy.get(\"#psw-repeat\").type(\"123\");\ncy.get(\"#signupbtn\").click();\ncy.contains(\"Login with your warrior name\");\ncy.get(\"#worrior_username\").should(\"have.value\", username);\ncy.get(\"#warrior\").should(\"have.text\", \"Login warrior\");\ncy.get(\"#close\").should(\"be.visible\");\ncy.screenshot();",
                  "err": {},
                  "uuid": "3fa2a1a9-1d09-4671-9324-14f52f650262",
                  "parentUUID": "c7196866-91d2-4ac6-9bc9-7700078b90c0",
                  "isHook": false,
                  "skipped": false
                }
              ],
              "suites": [],
              "passes": [
                "3fa2a1a9-1d09-4671-9324-14f52f650262"
              ],
              "failures": [],
              "pending": [],
              "skipped": [],
              "duration": 4312,
              "root": false,
              "rootEmpty": false,
              "_timeout": 2000
            }
          ],
          "passes": [],
          "failures": [],
          "pending": [],
          "skipped": [],
          "duration": 0,
          "root": false,
          "rootEmpty": false,
          "_timeout": 2000
        }
      ],
      "passes": [],
      "failures": [],
      "pending": [],
      "skipped": [],
      "duration": 0,
      "root": true,
      "rootEmpty": true,
      "_timeout": 2000
    }
  ],
  "meta": {
    "mocha": {
      "version": "7.0.1"
    },
    "mochawesome": {
      "options": {
        "quiet": false,
        "reportFilename": "mochawesome",
        "saveHtml": true,
        "saveJson": true,
        "consoleReporter": "spec",
        "useInlineDiffs": false,
        "code": true
      },
      "version": "7.1.3"
    },
    "marge": {
      "options": null,
      "version": "6.2.0"
    }
  }
}