{
  "stats": {
    "suites": 4,
    "tests": 8,
    "passes": 6,
    "pending": 0,
    "failures": 2,
    "start": "2022-05-11T12:38:22.784Z",
    "end": "2022-05-11T12:38:51.785Z",
    "duration": 29001,
    "testsRegistered": 8,
    "passPercent": 75,
    "pendingPercent": 0,
    "other": 0,
    "hasOther": false,
    "skipped": 0,
    "hasSkipped": false
  },
  "results": [
    {
      "uuid": "d7a1584f-cec8-4b91-85e5-d86c6774198c",
      "title": "",
      "fullFile": "cypress/integration/game-tests/signup.spec.js",
      "file": "cypress/integration/game-tests/signup.spec.js",
      "beforeHooks": [],
      "afterHooks": [],
      "tests": [],
      "suites": [
        {
          "uuid": "415b144e-5af3-414d-a4c5-8fc99f0a9aee",
          "title": "SignUp flow tests",
          "fullFile": "",
          "file": "",
          "beforeHooks": [],
          "afterHooks": [],
          "tests": [],
          "suites": [
            {
              "uuid": "22ca7c7f-e7b1-4c98-b648-aa5a23f9e6b1",
              "title": "UI tests",
              "fullFile": "",
              "file": "",
              "beforeHooks": [],
              "afterHooks": [],
              "tests": [
                {
                  "title": "should have all the fields visible",
                  "fullTitle": "SignUp flow tests UI tests should have all the fields visible",
                  "timedOut": null,
                  "duration": 2884,
                  "state": "passed",
                  "speed": "fast",
                  "pass": true,
                  "fail": false,
                  "pending": false,
                  "context": null,
                  "code": "cy.get(\"h1\").should(\"contain.text\", \"Sign Up\");\ncy.get(\"p\").should(\"contain.text\", \"Please fill in this form to create an account.\");\ncy.get(\"#uname\").should(\"be.visible\");\ncy.get(\"input\").invoke(\"attr\", \"for\", \"psw\").should(\"be.visible\");\ncy.get(\"input\").invoke(\"attr\", \"for\", \"psw-repeat\").should(\"be.visible\");\ncy.get(\"button\").contains(\"Cancel\").should(\"be.visible\");\ncy.get(\"#signupbtn\").contains(\"Sign Up\").should(\"be.visible\");\ncy.screenshot();",
                  "err": {},
                  "uuid": "605d8e1f-59a8-4271-8193-bf90010a70d9",
                  "parentUUID": "22ca7c7f-e7b1-4c98-b648-aa5a23f9e6b1",
                  "isHook": false,
                  "skipped": false
                }
              ],
              "suites": [],
              "passes": [
                "605d8e1f-59a8-4271-8193-bf90010a70d9"
              ],
              "failures": [],
              "pending": [],
              "skipped": [],
              "duration": 2884,
              "root": false,
              "rootEmpty": false,
              "_timeout": 2000
            },
            {
              "uuid": "e68bf2bb-eed7-4cba-b677-85ab2481e9dd",
              "title": "Unsuccessful signup tests",
              "fullFile": "",
              "file": "",
              "beforeHooks": [],
              "afterHooks": [],
              "tests": [
                {
                  "title": "should show error when form is submitted with empty fields",
                  "fullTitle": "SignUp flow tests Unsuccessful signup tests should show error when form is submitted with empty fields",
                  "timedOut": null,
                  "duration": 5129,
                  "state": "failed",
                  "speed": null,
                  "pass": false,
                  "fail": true,
                  "pending": false,
                  "context": null,
                  "code": "// cy.intercept('/api/auth/user/register', { statusCode: 401, body: { message: 'incorrect user name and password' } });\nconst signupBtn = cy.get(\"#signupbtn\").contains(\"Sign Up\").should(\"be.visible\");\nsignupBtn.click();\ncy.contains(\"incorrect user name and password\"); // TODO find the message to be displayed when form is submitted with all the fields empty\ncy.screenshot();",
                  "err": {
                    "message": "AssertionError: Timed out retrying after 4000ms: Expected to find content: 'incorrect user name and password' but never did.",
                    "estack": "AssertionError: Timed out retrying after 4000ms: Expected to find content: 'incorrect user name and password' but never did.\n    at Context.eval (https://responsivefight.herokuapp.com/__cypress/tests?p=cypress/integration/game-tests/signup.spec.js:123:10)",
                    "diff": null
                  },
                  "uuid": "5802f1bf-caad-426d-a265-589403c7b582",
                  "parentUUID": "e68bf2bb-eed7-4cba-b677-85ab2481e9dd",
                  "isHook": false,
                  "skipped": false
                },
                {
                  "title": "should not let user enter more than 10 chars in username",
                  "fullTitle": "SignUp flow tests Unsuccessful signup tests should not let user enter more than 10 chars in username",
                  "timedOut": null,
                  "duration": 1784,
                  "state": "passed",
                  "speed": "fast",
                  "pass": true,
                  "fail": false,
                  "pending": false,
                  "context": null,
                  "code": "cy.get(\"#uname\").type(\"A1234567890\");\ncy.get(\"#uname\").should(\"have.value\", \"A123456789\");\ncy.screenshot();",
                  "err": {},
                  "uuid": "2a42f2f9-26f1-45c1-942f-d1959f425ba3",
                  "parentUUID": "e68bf2bb-eed7-4cba-b677-85ab2481e9dd",
                  "isHook": false,
                  "skipped": false
                },
                {
                  "title": "should show error if passwords don't match",
                  "fullTitle": "SignUp flow tests Unsuccessful signup tests should show error if passwords don't match",
                  "timedOut": null,
                  "duration": 2180,
                  "state": "passed",
                  "speed": "fast",
                  "pass": true,
                  "fail": false,
                  "pending": false,
                  "context": null,
                  "code": "cy.get(\"#uname\").type(\"abcdabcd\");\ncy.get(\"#pwd\").type(\"123\");\ncy.get(\"#psw-repeat\").type(\"124\");\ncy.get(\"#signupbtn\").click();\ncy.get(\"#popup\").should(\"contain.text\", \"Passwords do not match\");\ncy.screenshot();",
                  "err": {},
                  "uuid": "e02a1a46-0686-43c7-992b-7b3f04695296",
                  "parentUUID": "e68bf2bb-eed7-4cba-b677-85ab2481e9dd",
                  "isHook": false,
                  "skipped": false
                },
                {
                  "title": "should show error if user already exists",
                  "fullTitle": "SignUp flow tests Unsuccessful signup tests should show error if user already exists",
                  "timedOut": null,
                  "duration": 3737,
                  "state": "passed",
                  "speed": "fast",
                  "pass": true,
                  "fail": false,
                  "pending": false,
                  "context": null,
                  "code": "cy.get(\"#uname\").type(\"appleapple\");\ncy.get(\"#pwd\").type(\"123\");\ncy.get(\"#psw-repeat\").type(\"123\");\ncy.get(\"#signupbtn\").click();\ncy.get(\"#popup\").should(\"contain.text\", \"User already exists\");\ncy.screenshot();",
                  "err": {},
                  "uuid": "7c9fd145-ba70-46fc-9800-a3f306fb6937",
                  "parentUUID": "e68bf2bb-eed7-4cba-b677-85ab2481e9dd",
                  "isHook": false,
                  "skipped": false
                },
                {
                  "title": "should exit the signup screen on Cancel button click",
                  "fullTitle": "SignUp flow tests Unsuccessful signup tests should exit the signup screen on Cancel button click",
                  "timedOut": null,
                  "duration": 2163,
                  "state": "passed",
                  "speed": "fast",
                  "pass": true,
                  "fail": false,
                  "pending": false,
                  "context": null,
                  "code": "cy.get(\"#uname\").type(\"appleapple\");\ncy.get(\"#pwd\").type(\"123\");\ncy.get(\"#psw-repeat\").type(\"123\");\ncy.get(\"button\").contains(\"Cancel\").click();\ncy.get(\"#signupbtn\").contains(\"Sign Up\").should(\"not.be.visible\");\ncy.screenshot();",
                  "err": {},
                  "uuid": "f80bea6c-703f-47c1-a225-0f49c1ddec82",
                  "parentUUID": "e68bf2bb-eed7-4cba-b677-85ab2481e9dd",
                  "isHook": false,
                  "skipped": false
                },
                {
                  "title": "should clear screen input fields after cancel",
                  "fullTitle": "SignUp flow tests Unsuccessful signup tests should clear screen input fields after cancel",
                  "timedOut": null,
                  "duration": 5723,
                  "state": "failed",
                  "speed": null,
                  "pass": false,
                  "fail": true,
                  "pending": false,
                  "context": null,
                  "code": "cy.get(\"#uname\").type(\"appleapple\");\ncy.get(\"#pwd\").type(\"123\");\ncy.get(\"#psw-repeat\").type(\"123\");\ncy.get(\"button\").contains(\"Cancel\").click();\ncy.get(\"#signupbtn\").contains(\"Sign Up\").should(\"not.be.visible\");\ncy.get(\"#rego\").click();\ncy.get(\"#uname\").should(\"not.have.value\", \"appleapple\");\ncy.get(\"#pwd\").should(\"not.have.value\", \"123\");\ncy.get(\"#psw-repeat\").should(\"not.contain.value\", \"123\");\ncy.screenshot();",
                  "err": {
                    "message": "AssertionError: Timed out retrying after 4000ms: expected '<input#uname.center>' not to have value 'appleapple'",
                    "estack": "AssertionError: Timed out retrying after 4000ms: expected '<input#uname.center>' not to have value 'appleapple'\n    at Context.eval (https://responsivefight.herokuapp.com/__cypress/tests?p=cypress/integration/game-tests/signup.spec.js:163:24)",
                    "diff": ""
                  },
                  "uuid": "e07ca19e-17f0-4fbd-9e95-bac194b46bd6",
                  "parentUUID": "e68bf2bb-eed7-4cba-b677-85ab2481e9dd",
                  "isHook": false,
                  "skipped": false
                }
              ],
              "suites": [],
              "passes": [
                "2a42f2f9-26f1-45c1-942f-d1959f425ba3",
                "e02a1a46-0686-43c7-992b-7b3f04695296",
                "7c9fd145-ba70-46fc-9800-a3f306fb6937",
                "f80bea6c-703f-47c1-a225-0f49c1ddec82"
              ],
              "failures": [
                "5802f1bf-caad-426d-a265-589403c7b582",
                "e07ca19e-17f0-4fbd-9e95-bac194b46bd6"
              ],
              "pending": [],
              "skipped": [],
              "duration": 20716,
              "root": false,
              "rootEmpty": false,
              "_timeout": 2000
            },
            {
              "uuid": "ef9d2cc9-5226-4450-a527-f934a2c25139",
              "title": "Successful signup tests",
              "fullFile": "",
              "file": "",
              "beforeHooks": [],
              "afterHooks": [],
              "tests": [
                {
                  "title": "should successfully create user",
                  "fullTitle": "SignUp flow tests Successful signup tests should successfully create user",
                  "timedOut": null,
                  "duration": 3975,
                  "state": "passed",
                  "speed": "fast",
                  "pass": true,
                  "fail": false,
                  "pending": false,
                  "context": null,
                  "code": "const username = (0, _common.generateUsername)(10);\ncy.get(\"#uname\").type(username);\ncy.get(\"#pwd\").type(\"123\");\ncy.get(\"#psw-repeat\").type(\"123\");\ncy.get(\"#signupbtn\").click();\ncy.contains(\"Login with your warrior name\");\ncy.get(\"#worrior_username\").should(\"have.value\", username);\ncy.get(\"#warrior\").should(\"have.text\", \"Login warrior\");\ncy.get(\"#close\").should(\"be.visible\");\ncy.screenshot();",
                  "err": {},
                  "uuid": "408e2509-20dd-47df-adb7-d29e71b9fd41",
                  "parentUUID": "ef9d2cc9-5226-4450-a527-f934a2c25139",
                  "isHook": false,
                  "skipped": false
                }
              ],
              "suites": [],
              "passes": [
                "408e2509-20dd-47df-adb7-d29e71b9fd41"
              ],
              "failures": [],
              "pending": [],
              "skipped": [],
              "duration": 3975,
              "root": false,
              "rootEmpty": false,
              "_timeout": 2000
            }
          ],
          "passes": [],
          "failures": [],
          "pending": [],
          "skipped": [],
          "duration": 0,
          "root": false,
          "rootEmpty": false,
          "_timeout": 2000
        }
      ],
      "passes": [],
      "failures": [],
      "pending": [],
      "skipped": [],
      "duration": 0,
      "root": true,
      "rootEmpty": true,
      "_timeout": 2000
    }
  ],
  "meta": {
    "mocha": {
      "version": "7.0.1"
    },
    "mochawesome": {
      "options": {
        "quiet": false,
        "reportFilename": "mochawesome",
        "saveHtml": true,
        "saveJson": true,
        "consoleReporter": "spec",
        "useInlineDiffs": false,
        "code": true
      },
      "version": "7.1.3"
    },
    "marge": {
      "options": null,
      "version": "6.2.0"
    }
  }
}